0 info it worked if it ends with ok
1 verbose cli [ '/usr/local/bin/node', '/usr/local/bin/npm', 'run', 'start' ]
2 info using npm@4.1.2
3 info using node@v7.5.0
4 verbose run-script [ 'prestart', 'start', 'poststart' ]
5 info lifecycle react-project@1.0.0~prestart: react-project@1.0.0
6 silly lifecycle react-project@1.0.0~prestart: no script for prestart, continuing
7 info lifecycle react-project@1.0.0~start: react-project@1.0.0
8 verbose lifecycle react-project@1.0.0~start: unsafe-perm in lifecycle true
9 verbose lifecycle react-project@1.0.0~start: PATH: /usr/local/lib/node_modules/npm/bin/node-gyp-bin:/Users/rtolpin/eclipse-workspace/DeterminantApp/node_modules/.bin:/Library/Frameworks/Python.framework/Versions/3.6/bin:/usr/local/bin:/usr/bin:/bin:/usr/sbin:/sbin:/usr/local/MacGPG2/bin:/usr/local/share/dotnet:~/.dotnet/tools:/Library/Frameworks/Mono.framework/Versions/Current/Commands:/usr/local/git/bin:/Applications/Xamarin Workbooks.app/Contents/SharedSupport/path-bin:/Library/Frameworks/Python.framework/Versions/3.4/bin:/Users/rtolpin/ANT_HOME/ant/bin:/usr/local/mysql/bin:/Users/rtolpin/tomcat/bin:/Users/rtolpin/Documents/Java/eclipse/Eclipse.app:/Users/rtolpin/Documents/ANT_HOME/apache-ant-1.9.6/bin/ant:/Users/rtolpin/Documents/GRADLE_HOME/gradle-2.8/bin/gradle:/Users/rtolpin/mongodb/bin:/Users/rtolpin/.ssh:/Users/rtolpin/.gem/ruby/2.3.0/bin:/Applications/Xcode.app/Contents/Developer:/usr/local/apache-maven/bin
10 verbose lifecycle react-project@1.0.0~start: CWD: /Users/rtolpin/eclipse-workspace/DeterminantApp
11 silly lifecycle react-project@1.0.0~start: Args: [ '-c', 'react-scripts start' ]
12 silly lifecycle react-project@1.0.0~start: Returned: code: 1  signal: null
13 info lifecycle react-project@1.0.0~start: Failed to exec start script
14 verbose stack Error: react-project@1.0.0 start: `react-scripts start`
14 verbose stack Exit status 1
14 verbose stack     at EventEmitter.<anonymous> (/usr/local/lib/node_modules/npm/lib/utils/lifecycle.js:279:16)
14 verbose stack     at emitTwo (events.js:106:13)
14 verbose stack     at EventEmitter.emit (events.js:192:7)
14 verbose stack     at ChildProcess.<anonymous> (/usr/local/lib/node_modules/npm/lib/utils/spawn.js:40:14)
14 verbose stack     at emitTwo (events.js:106:13)
14 verbose stack     at ChildProcess.emit (events.js:192:7)
14 verbose stack     at maybeClose (internal/child_process.js:890:16)
14 verbose stack     at Process.ChildProcess._handle.onexit (internal/child_process.js:226:5)
15 verbose pkgid react-project@1.0.0
16 verbose cwd /Users/rtolpin/eclipse-workspace/DeterminantApp/src
17 error Darwin 18.2.0
18 error argv "/usr/local/bin/node" "/usr/local/bin/npm" "run" "start"
19 error node v7.5.0
20 error npm  v4.1.2
21 error code ELIFECYCLE
22 error react-project@1.0.0 start: `react-scripts start`
22 error Exit status 1
23 error Failed at the react-project@1.0.0 start script 'react-scripts start'.
23 error Make sure you have the latest version of node.js and npm installed.
23 error If you do, this is most likely a problem with the react-project package,
23 error not with npm itself.
23 error Tell the author that this fails on your system:
23 error     react-scripts start
23 error You can get information on how to open an issue for this project with:
23 error     npm bugs react-project
23 error Or if that isn't available, you can get their info via:
23 error     npm owner ls react-project
23 error There is likely additional logging output above.
24 verbose exit [ 1, true ]
